<?xml version="1.0" encoding="UTF-8"?>
<testng-results ignored="0" total="1" passed="1" failed="0" skipped="0">
  <reporter-output>
  </reporter-output>
  <suite started-at="2024-11-06T22:26:44 IST" name="Default suite" finished-at="2024-11-06T22:26:53 IST" duration-ms="9509">
    <groups>
    </groups>
    <test started-at="2024-11-06T22:26:44 IST" name="Default test" finished-at="2024-11-06T22:26:53 IST" duration-ms="9509">
      <class name="Demo.DemoTest">
        <test-method signature="verify()[pri:0, instance:Demo.DemoTest@50eac852]" started-at="2024-11-06T22:26:44 IST" name="verify" finished-at="2024-11-06T22:26:53 IST" duration-ms="9479" status="PASS">
          <reporter-output>
          </reporter-output>
        </test-method> <!-- verify -->
      </class> <!-- Demo.DemoTest -->
    </test> <!-- Default test -->
  </suite> <!-- Default suite -->
</testng-results>
